<?xml version="1.0" encoding="UTF-8"?>
<!-- Generated by org.testng.reporters.JUnitReportReporter -->
<testsuite hostname="angler108" name="executionEngine.Category" tests="3" failures="0" timestamp="12 Oct 2017 05:35:00 GMT" time="67.361" errors="0">
  <testcase name="addcategory" time="29.347" classname="executionEngine.Category"/>
  <testcase name="searchAndDeletecategory" time="11.553" classname="executionEngine.Category"/>
  <testcase name="editandectivatecategory" time="26.461" classname="executionEngine.Category"/>
</testsuite> <!-- executionEngine.Category -->
