<?xml version="1.0" encoding="UTF-8"?>
<!-- Generated by org.testng.reporters.JUnitReportReporter -->
<testsuite skipped="0" hostname="Angler52" name="executionEngine.Sponsortypeexec" tests="1" failures="0" timestamp="21 Oct 2017 07:06:54 GMT" time="15.211" errors="0">
  <testcase name="Sponsortypeevent" time="15.211" classname="executionEngine.Sponsortypeexec"/>
</testsuite> <!-- executionEngine.Sponsortypeexec -->
