<?xml version="1.0" encoding="UTF-8"?>
<!-- Generated by org.testng.reporters.JUnitReportReporter -->
<testsuite hostname="angler108" name="executionEngine.SpeakerManagement" tests="3" failures="0" timestamp="7 Oct 2017 09:21:35 GMT" time="80.011" errors="0">
  <testcase name="editandectivatespeaker" time="25.658" classname="executionEngine.SpeakerManagement"/>
  <testcase name="searchAndDeletespeaker" time="27.713" classname="executionEngine.SpeakerManagement"/>
  <testcase name="addspeaker" time="26.640" classname="executionEngine.SpeakerManagement"/>
</testsuite> <!-- executionEngine.SpeakerManagement -->
