<?xml version="1.0" encoding="UTF-8"?>
<!-- Generated by org.testng.reporters.JUnitReportReporter -->
<testsuite hostname="angler108" name="executionEngine.SpeakerManagement" tests="3" failures="0" timestamp="11 Oct 2017 09:31:46 GMT" time="61.038" errors="0">
  <testcase name="editandectivatespeaker" time="19.532" classname="executionEngine.SpeakerManagement"/>
  <testcase name="searchAndDeletespeaker" time="22.125" classname="executionEngine.SpeakerManagement"/>
  <testcase name="addspeaker" time="19.381" classname="executionEngine.SpeakerManagement"/>
</testsuite> <!-- executionEngine.SpeakerManagement -->
