<?xml version="1.0" encoding="UTF-8"?>
<!-- Generated by org.testng.reporters.JUnitReportReporter -->
<testsuite hostname="angler108" name="executionEngine.AboutEvent" tests="1" failures="0" timestamp="25 Sep 2017 07:35:56 GMT" time="17.723" errors="0">
  <testcase name="AboutEventEdit" time="17.723" classname="executionEngine.AboutEvent"/>
</testsuite> <!-- executionEngine.AboutEvent -->
