<?xml version="1.0" encoding="UTF-8"?>
<!-- Generated by org.testng.reporters.JUnitReportReporter -->
<testsuite hostname="angler108" name="executionEngine.CategoryTest" tests="1" failures="0" timestamp="26 Sep 2017 05:45:34 GMT" time="34.143" errors="0">
  <testcase name="editandectivatecategory" time="34.143" classname="executionEngine.CategoryTest"/>
</testsuite> <!-- executionEngine.CategoryTest -->
