<?xml version="1.0" encoding="UTF-8"?>
<!-- Generated by org.testng.reporters.JUnitReportReporter -->
<testsuite hostname="angler108" name="executionEngine.ScheduleManagement" tests="3" failures="0" timestamp="11 Oct 2017 04:55:45 GMT" time="94.071" errors="0">
  <testcase name="editandectivateschedule" time="33.210" classname="executionEngine.ScheduleManagement"/>
  <testcase name="searchAndDeleteSchedule" time="17.976" classname="executionEngine.ScheduleManagement"/>
  <testcase name="addschedule" time="42.885" classname="executionEngine.ScheduleManagement"/>
</testsuite> <!-- executionEngine.ScheduleManagement -->
