<?xml version="1.0" encoding="UTF-8"?>
<!-- Generated by org.testng.reporters.JUnitReportReporter -->
<testsuite hostname="angler108" name="executionEngine.DelegatesTest" tests="1" failures="0" timestamp="12 Oct 2017 06:18:19 GMT" time="21.217" errors="0">
  <testcase name="adddelegates" time="21.217" classname="executionEngine.DelegatesTest"/>
</testsuite> <!-- executionEngine.DelegatesTest -->
