<?xml version="1.0" encoding="UTF-8"?>
<!-- Generated by org.testng.reporters.JUnitReportReporter -->
<testsuite hostname="angler108" name="executionEngine.AboutEvent" tests="1" failures="0" timestamp="10 Oct 2017 06:19:42 GMT" time="31.538" errors="0">
  <testcase name="AboutEventEdit" time="31.538" classname="executionEngine.AboutEvent"/>
</testsuite> <!-- executionEngine.AboutEvent -->
