<?xml version="1.0" encoding="UTF-8"?>
<!-- Generated by org.testng.reporters.JUnitReportReporter -->
<testsuite hostname="angler108" name="executionEngine.AboutEvent" tests="1" failures="0" timestamp="11 Oct 2017 05:11:39 GMT" time="19.523" errors="0">
  <testcase name="AboutEventEdit" time="19.523" classname="executionEngine.AboutEvent"/>
</testsuite> <!-- executionEngine.AboutEvent -->
