<?xml version="1.0" encoding="UTF-8"?>
<!-- Generated by org.testng.reporters.JUnitReportReporter -->
<testsuite hostname="angler108" name="executionEngine.CategoryTest" tests="1" failures="0" timestamp="26 Sep 2017 05:20:45 GMT" time="18.949" errors="0">
  <testcase name="editandectivatecategory" time="18.949" classname="executionEngine.CategoryTest"/>
</testsuite> <!-- executionEngine.CategoryTest -->
