<?xml version="1.0" encoding="UTF-8"?>
<!-- Generated by org.testng.reporters.JUnitReportReporter -->
<testsuite hostname="angler108" name="executionEngine.SponsorManagement" tests="3" failures="0" timestamp="11 Oct 2017 09:50:00 GMT" time="105.845" errors="0">
  <testcase name="searchAndDeletesponsor" time="22.348" classname="executionEngine.SponsorManagement"/>
  <testcase name="addsponsor" time="40.703" classname="executionEngine.SponsorManagement"/>
  <testcase name="editandectivatesponsor" time="42.794" classname="executionEngine.SponsorManagement"/>
</testsuite> <!-- executionEngine.SponsorManagement -->
