<?xml version="1.0" encoding="UTF-8"?>
<!-- Generated by org.testng.reporters.JUnitReportReporter -->
<testsuite hostname="angler108" name="executionEngine.SponsorManagement" tests="3" failures="0" timestamp="5 Oct 2017 06:40:52 GMT" time="123.005" errors="0">
  <testcase name="searchAndDeletesponsor" time="28.068" classname="executionEngine.SponsorManagement"/>
  <testcase name="editandectivatesponsor" time="48.311" classname="executionEngine.SponsorManagement"/>
  <testcase name="addsponsor" time="46.626" classname="executionEngine.SponsorManagement"/>
</testsuite> <!-- executionEngine.SponsorManagement -->
