<?xml version="1.0" encoding="UTF-8"?>
<!-- Generated by org.testng.reporters.JUnitReportReporter -->
<testsuite hostname="angler108" name="executionEngine.NewsManagement" tests="1" failures="0" timestamp="7 Oct 2017 06:57:12 GMT" time="62.151" errors="0">
  <testcase name="editandectivatenews" time="62.151" classname="executionEngine.NewsManagement"/>
</testsuite> <!-- executionEngine.NewsManagement -->
